mode: set
github.com/gpbPiazza/httpfromtcp/cmd/tcplistener/main.go:5.13,8.2 2 0
github.com/gpbPiazza/httpfromtcp/cmd/httpserver/main.go:7.13,18.2 3 0
github.com/gpbPiazza/httpfromtcp/cmd/udpsender/main.go:11.13,13.16 2 0
github.com/gpbPiazza/httpfromtcp/cmd/udpsender/main.go:13.16,15.3 1 0
github.com/gpbPiazza/httpfromtcp/cmd/udpsender/main.go:17.2,18.16 2 0
github.com/gpbPiazza/httpfromtcp/cmd/udpsender/main.go:18.16,20.3 1 0
github.com/gpbPiazza/httpfromtcp/cmd/udpsender/main.go:21.2,25.6 3 0
github.com/gpbPiazza/httpfromtcp/cmd/udpsender/main.go:25.6,29.17 3 0
github.com/gpbPiazza/httpfromtcp/cmd/udpsender/main.go:29.17,31.4 1 0
github.com/gpbPiazza/httpfromtcp/cmd/udpsender/main.go:32.3,33.17 2 0
github.com/gpbPiazza/httpfromtcp/cmd/udpsender/main.go:33.17,35.4 1 0
github.com/gpbPiazza/httpfromtcp/internal/server/server.go:17.34,20.27 2 0
github.com/gpbPiazza/httpfromtcp/internal/server/server.go:20.27,22.3 1 0
github.com/gpbPiazza/httpfromtcp/internal/server/server.go:24.2,31.10 4 0
github.com/gpbPiazza/httpfromtcp/internal/server/server.go:34.32,38.2 2 0
github.com/gpbPiazza/httpfromtcp/internal/server/server.go:40.41,42.16 2 0
github.com/gpbPiazza/httpfromtcp/internal/server/server.go:42.16,44.3 1 0
github.com/gpbPiazza/httpfromtcp/internal/server/server.go:45.2,49.6 3 0
github.com/gpbPiazza/httpfromtcp/internal/server/server.go:49.6,50.24 1 0
github.com/gpbPiazza/httpfromtcp/internal/server/server.go:50.24,51.9 1 0
github.com/gpbPiazza/httpfromtcp/internal/server/server.go:54.3,55.17 2 0
github.com/gpbPiazza/httpfromtcp/internal/server/server.go:55.17,57.4 1 0
github.com/gpbPiazza/httpfromtcp/internal/server/server.go:58.3,60.24 2 0
github.com/gpbPiazza/httpfromtcp/internal/server/server.go:64.44,65.15 1 0
github.com/gpbPiazza/httpfromtcp/internal/server/server.go:65.15,66.38 1 0
github.com/gpbPiazza/httpfromtcp/internal/server/server.go:66.38,68.4 1 0
github.com/gpbPiazza/httpfromtcp/internal/server/server.go:71.2,73.16 2 0
github.com/gpbPiazza/httpfromtcp/internal/server/server.go:73.16,75.3 1 0
github.com/gpbPiazza/httpfromtcp/internal/server/server.go:77.2,83.40 6 0
github.com/gpbPiazza/httpfromtcp/internal/server/server.go:83.40,85.3 1 0
github.com/gpbPiazza/httpfromtcp/internal/server/server.go:86.2,92.16 5 0
github.com/gpbPiazza/httpfromtcp/internal/server/server.go:92.16,94.3 1 0
github.com/gpbPiazza/httpfromtcp/internal/request/request.go:76.58,86.30 4 1
github.com/gpbPiazza/httpfromtcp/internal/request/request.go:86.30,87.34 1 1
github.com/gpbPiazza/httpfromtcp/internal/request/request.go:87.34,91.4 3 1
github.com/gpbPiazza/httpfromtcp/internal/request/request.go:93.3,94.29 2 1
github.com/gpbPiazza/httpfromtcp/internal/request/request.go:94.29,95.44 1 0
github.com/gpbPiazza/httpfromtcp/internal/request/request.go:95.44,101.5 1 0
github.com/gpbPiazza/httpfromtcp/internal/request/request.go:102.4,102.9 1 0
github.com/gpbPiazza/httpfromtcp/internal/request/request.go:105.3,105.17 1 1
github.com/gpbPiazza/httpfromtcp/internal/request/request.go:105.17,107.4 1 0
github.com/gpbPiazza/httpfromtcp/internal/request/request.go:109.3,111.17 3 1
github.com/gpbPiazza/httpfromtcp/internal/request/request.go:111.17,113.4 1 1
github.com/gpbPiazza/httpfromtcp/internal/request/request.go:115.3,119.35 5 1
github.com/gpbPiazza/httpfromtcp/internal/request/request.go:122.2,122.21 1 1
github.com/gpbPiazza/httpfromtcp/internal/request/request.go:125.51,128.37 2 1
github.com/gpbPiazza/httpfromtcp/internal/request/request.go:128.37,134.17 4 1
github.com/gpbPiazza/httpfromtcp/internal/request/request.go:134.17,136.4 1 1
github.com/gpbPiazza/httpfromtcp/internal/request/request.go:138.3,138.27 1 1
github.com/gpbPiazza/httpfromtcp/internal/request/request.go:138.27,140.4 1 1
github.com/gpbPiazza/httpfromtcp/internal/request/request.go:142.3,142.26 1 1
github.com/gpbPiazza/httpfromtcp/internal/request/request.go:142.26,144.4 1 1
github.com/gpbPiazza/httpfromtcp/internal/request/request.go:147.2,147.30 1 1
github.com/gpbPiazza/httpfromtcp/internal/request/request.go:150.57,151.17 1 1
github.com/gpbPiazza/httpfromtcp/internal/request/request.go:152.31,154.17 2 1
github.com/gpbPiazza/httpfromtcp/internal/request/request.go:154.17,156.4 1 1
github.com/gpbPiazza/httpfromtcp/internal/request/request.go:158.3,158.13 1 1
github.com/gpbPiazza/httpfromtcp/internal/request/request.go:158.13,160.4 1 1
github.com/gpbPiazza/httpfromtcp/internal/request/request.go:162.3,163.16 2 1
github.com/gpbPiazza/httpfromtcp/internal/request/request.go:164.34,166.17 2 1
github.com/gpbPiazza/httpfromtcp/internal/request/request.go:166.17,168.4 1 0
github.com/gpbPiazza/httpfromtcp/internal/request/request.go:169.3,169.11 1 1
github.com/gpbPiazza/httpfromtcp/internal/request/request.go:169.11,171.4 1 1
github.com/gpbPiazza/httpfromtcp/internal/request/request.go:172.3,172.16 1 1
github.com/gpbPiazza/httpfromtcp/internal/request/request.go:173.31,175.17 2 1
github.com/gpbPiazza/httpfromtcp/internal/request/request.go:175.17,177.4 1 1
github.com/gpbPiazza/httpfromtcp/internal/request/request.go:178.3,178.11 1 1
github.com/gpbPiazza/httpfromtcp/internal/request/request.go:178.11,180.4 1 1
github.com/gpbPiazza/httpfromtcp/internal/request/request.go:181.3,181.29 1 1
github.com/gpbPiazza/httpfromtcp/internal/request/request.go:182.27,183.70 1 0
github.com/gpbPiazza/httpfromtcp/internal/request/request.go:184.10,185.47 1 0
github.com/gpbPiazza/httpfromtcp/internal/request/request.go:191.62,193.15 2 1
github.com/gpbPiazza/httpfromtcp/internal/request/request.go:193.15,195.3 1 1
github.com/gpbPiazza/httpfromtcp/internal/request/request.go:197.2,202.35 5 1
github.com/gpbPiazza/httpfromtcp/internal/request/request.go:202.35,204.3 1 1
github.com/gpbPiazza/httpfromtcp/internal/request/request.go:206.2,212.49 5 1
github.com/gpbPiazza/httpfromtcp/internal/request/request.go:212.49,214.3 1 1
github.com/gpbPiazza/httpfromtcp/internal/request/request.go:216.2,216.71 1 1
github.com/gpbPiazza/httpfromtcp/internal/request/request.go:216.71,218.3 1 1
github.com/gpbPiazza/httpfromtcp/internal/request/request.go:220.2,228.28 6 1
github.com/gpbPiazza/httpfromtcp/internal/request/request.go:231.55,232.24 1 1
github.com/gpbPiazza/httpfromtcp/internal/request/request.go:232.24,234.3 1 1
github.com/gpbPiazza/httpfromtcp/internal/request/request.go:236.2,236.37 1 1
github.com/gpbPiazza/httpfromtcp/internal/request/request.go:236.37,237.24 1 1
github.com/gpbPiazza/httpfromtcp/internal/request/request.go:237.24,239.4 1 1
github.com/gpbPiazza/httpfromtcp/internal/request/request.go:242.2,245.3 1 1
github.com/gpbPiazza/httpfromtcp/internal/request/request.go:248.31,249.22 1 1
github.com/gpbPiazza/httpfromtcp/internal/request/request.go:249.22,250.27 1 1
github.com/gpbPiazza/httpfromtcp/internal/request/request.go:250.27,252.4 1 0
github.com/gpbPiazza/httpfromtcp/internal/request/request.go:253.3,253.26 1 1
github.com/gpbPiazza/httpfromtcp/internal/request/request.go:253.26,255.4 1 1
github.com/gpbPiazza/httpfromtcp/internal/request/request.go:257.2,257.13 1 1
github.com/gpbPiazza/httpfromtcp/internal/request/request.go:260.82,261.28 1 1
github.com/gpbPiazza/httpfromtcp/internal/request/request.go:261.28,263.3 1 1
github.com/gpbPiazza/httpfromtcp/internal/request/request.go:265.2,265.28 1 1
github.com/gpbPiazza/httpfromtcp/internal/request/request.go:265.28,271.3 1 1
github.com/gpbPiazza/httpfromtcp/internal/request/request.go:273.2,273.12 1 1
github.com/gpbPiazza/httpfromtcp/internal/request/request.go:276.39,278.2 1 1
github.com/gpbPiazza/httpfromtcp/internal/request/request.go:280.61,282.16 2 1
github.com/gpbPiazza/httpfromtcp/internal/request/request.go:282.16,284.3 1 1
github.com/gpbPiazza/httpfromtcp/internal/request/request.go:286.2,286.27 1 1
github.com/gpbPiazza/httpfromtcp/internal/request/request.go:286.27,288.3 1 1
github.com/gpbPiazza/httpfromtcp/internal/request/request.go:290.2,290.9 1 1
github.com/gpbPiazza/httpfromtcp/internal/request/request.go:290.9,292.3 1 1
github.com/gpbPiazza/httpfromtcp/internal/request/request.go:294.2,296.33 2 1
github.com/gpbPiazza/httpfromtcp/internal/request/request.go:296.33,298.3 1 1
github.com/gpbPiazza/httpfromtcp/internal/request/request.go:300.2,300.34 1 1
github.com/gpbPiazza/httpfromtcp/internal/request/request.go:300.34,302.3 1 1
github.com/gpbPiazza/httpfromtcp/internal/request/request.go:304.2,304.30 1 1
github.com/gpbPiazza/httpfromtcp/internal/request/request.go:307.54,308.32 1 1
github.com/gpbPiazza/httpfromtcp/internal/request/request.go:308.32,310.3 1 1
github.com/gpbPiazza/httpfromtcp/internal/request/request.go:312.2,313.9 2 1
github.com/gpbPiazza/httpfromtcp/internal/request/request.go:313.9,315.3 1 1
github.com/gpbPiazza/httpfromtcp/internal/request/request.go:317.2,318.16 2 1
github.com/gpbPiazza/httpfromtcp/internal/request/request.go:318.16,320.3 1 1
github.com/gpbPiazza/httpfromtcp/internal/request/request.go:322.2,324.33 2 1
github.com/gpbPiazza/httpfromtcp/internal/headers/headers.go:23.20,25.2 1 1
github.com/gpbPiazza/httpfromtcp/internal/headers/headers.go:29.49,33.2 2 0
github.com/gpbPiazza/httpfromtcp/internal/headers/headers.go:35.67,37.15 2 1
github.com/gpbPiazza/httpfromtcp/internal/headers/headers.go:37.15,39.3 1 0
github.com/gpbPiazza/httpfromtcp/internal/headers/headers.go:41.2,42.22 2 1
github.com/gpbPiazza/httpfromtcp/internal/headers/headers.go:42.22,44.3 1 1
github.com/gpbPiazza/httpfromtcp/internal/headers/headers.go:46.2,47.18 2 1
github.com/gpbPiazza/httpfromtcp/internal/headers/headers.go:47.18,49.3 1 1
github.com/gpbPiazza/httpfromtcp/internal/headers/headers.go:51.2,54.43 3 1
github.com/gpbPiazza/httpfromtcp/internal/headers/headers.go:54.43,56.3 1 1
github.com/gpbPiazza/httpfromtcp/internal/headers/headers.go:58.2,63.8 5 1
github.com/gpbPiazza/httpfromtcp/internal/headers/headers.go:63.8,65.3 1 1
github.com/gpbPiazza/httpfromtcp/internal/headers/headers.go:65.8,67.3 1 1
github.com/gpbPiazza/httpfromtcp/internal/headers/headers.go:69.2,71.35 2 1
github.com/gpbPiazza/httpfromtcp/internal/headers/headers.go:74.48,77.35 1 1
github.com/gpbPiazza/httpfromtcp/internal/headers/headers.go:77.35,79.3 1 1
github.com/gpbPiazza/httpfromtcp/internal/headers/headers.go:81.2,82.24 2 1
github.com/gpbPiazza/httpfromtcp/internal/headers/headers.go:82.24,83.26 1 1
github.com/gpbPiazza/httpfromtcp/internal/headers/headers.go:83.26,84.12 1 1
github.com/gpbPiazza/httpfromtcp/internal/headers/headers.go:86.3,86.26 1 1
github.com/gpbPiazza/httpfromtcp/internal/headers/headers.go:86.26,87.12 1 1
github.com/gpbPiazza/httpfromtcp/internal/headers/headers.go:90.3,91.16 2 1
github.com/gpbPiazza/httpfromtcp/internal/headers/headers.go:91.16,92.12 1 1
github.com/gpbPiazza/httpfromtcp/internal/headers/headers.go:95.3,95.24 1 1
github.com/gpbPiazza/httpfromtcp/internal/headers/headers.go:98.2,98.20 1 1
github.com/gpbPiazza/httpfromtcp/internal/headers/headers.go:98.20,100.3 1 1
github.com/gpbPiazza/httpfromtcp/internal/headers/headers.go:102.2,102.12 1 1
